<?xml version="1.0" encoding="UTF-8"?>
<!-- Generated by org.testng.reporters.JUnitXMLReporter -->
<testsuite ignored="0" hostname="HPEliteBook" failures="0" tests="4" name="Default test" time="44.44" errors="0" timestamp="2025-01-07T21:50:46 EST">
  <testcase classname="BusyQA.Tests.LoginTestCases" name="TC1" time="3.611"/>
  <testcase classname="BusyQA.Tests.LoginTestCases" name="TC2" time="4.028"/>
  <testcase classname="BusyQA.Tests.LoginTestCases" name="TC3" time="3.66"/>
  <testcase classname="BusyQA.Tests.LoginTestCases" name="TC4" time="5.884"/>
</testsuite> <!-- Default test -->
