<?xml version="1.0" encoding="UTF-8"?>
<!-- Generated by org.testng.reporters.JUnitXMLReporter -->
<testsuite ignored="2" hostname="HPEliteBook" failures="0" tests="1" name="Default test" time="12.933" errors="0" timestamp="2025-01-22T23:11:45 EST">
  <testcase classname="BusyQA.Tests.DataTableTestClass" name="Test3" time="5.663"/>
  <testcase classname="BusyQA.Tests.DataTableTestClass" name="Test1" time="0.0">
    <ignored/>
  </testcase> <!-- Test1 -->
  <testcase classname="BusyQA.Tests.DataTableTestClass" name="Test2" time="0.0">
    <ignored/>
  </testcase> <!-- Test2 -->
</testsuite> <!-- Default test -->
