<?xml version="1.0" encoding="UTF-8"?>
<testng-results ignored="0" total="4" passed="4" failed="0" skipped="0">
  <reporter-output>
  </reporter-output>
  <suite started-at="2025-01-09T14:47:55 EST" name="Default suite" finished-at="2025-01-09T14:48:43 EST" duration-ms="48111">
    <groups>
    </groups>
    <test started-at="2025-01-09T14:47:55 EST" name="Default test" finished-at="2025-01-09T14:48:43 EST" duration-ms="48111">
      <class name="BusyQA.Tests.LoginTestCases">
        <test-method is-config="true" signature="beforeSuite()[pri:0, instance:BusyQA.Tests.LoginTestCases@4b6690c0]" started-at="2025-01-09T14:47:55 EST" name="beforeSuite" finished-at="2025-01-09T14:47:55 EST" duration-ms="12" status="PASS">
          <reporter-output>
          </reporter-output>
        </test-method> <!-- beforeSuite -->
        <test-method is-config="true" signature="beforeTest()[pri:0, instance:BusyQA.Tests.LoginTestCases@4b6690c0]" started-at="2025-01-09T14:47:55 EST" name="beforeTest" finished-at="2025-01-09T14:47:55 EST" duration-ms="1" status="PASS">
          <reporter-output>
          </reporter-output>
        </test-method> <!-- beforeTest -->
        <test-method is-config="true" signature="beforeClass()[pri:0, instance:BusyQA.Tests.LoginTestCases@4b6690c0]" started-at="2025-01-09T14:47:55 EST" name="beforeClass" finished-at="2025-01-09T14:47:55 EST" duration-ms="1" status="PASS">
          <reporter-output>
          </reporter-output>
        </test-method> <!-- beforeClass -->
        <test-method is-config="true" signature="beforeMethod()[pri:0, instance:BusyQA.Tests.LoginTestCases@4b6690c0]" started-at="2025-01-09T14:47:55 EST" name="beforeMethod" finished-at="2025-01-09T14:48:02 EST" duration-ms="7169" status="PASS">
          <reporter-output>
          </reporter-output>
        </test-method> <!-- beforeMethod -->
        <test-method signature="TC1()[pri:0, instance:BusyQA.Tests.LoginTestCases@4b6690c0]" started-at="2025-01-09T14:48:02 EST" name="TC1" finished-at="2025-01-09T14:48:06 EST" duration-ms="3847" status="PASS">
          <reporter-output>
          </reporter-output>
        </test-method> <!-- TC1 -->
        <test-method is-config="true" signature="afterMethod()[pri:0, instance:BusyQA.Tests.LoginTestCases@4b6690c0]" started-at="2025-01-09T14:48:06 EST" name="afterMethod" finished-at="2025-01-09T14:48:07 EST" duration-ms="443" status="PASS">
          <reporter-output>
          </reporter-output>
        </test-method> <!-- afterMethod -->
        <test-method is-config="true" signature="beforeMethod()[pri:0, instance:BusyQA.Tests.LoginTestCases@4b6690c0]" started-at="2025-01-09T14:48:07 EST" name="beforeMethod" finished-at="2025-01-09T14:48:13 EST" duration-ms="6062" status="PASS">
          <reporter-output>
          </reporter-output>
        </test-method> <!-- beforeMethod -->
        <test-method signature="TC2()[pri:0, instance:BusyQA.Tests.LoginTestCases@4b6690c0]" started-at="2025-01-09T14:48:13 EST" name="TC2" finished-at="2025-01-09T14:48:17 EST" duration-ms="4154" status="PASS">
          <reporter-output>
          </reporter-output>
        </test-method> <!-- TC2 -->
        <test-method is-config="true" signature="afterMethod()[pri:0, instance:BusyQA.Tests.LoginTestCases@4b6690c0]" started-at="2025-01-09T14:48:17 EST" name="afterMethod" finished-at="2025-01-09T14:48:17 EST" duration-ms="423" status="PASS">
          <reporter-output>
          </reporter-output>
        </test-method> <!-- afterMethod -->
        <test-method is-config="true" signature="beforeMethod()[pri:0, instance:BusyQA.Tests.LoginTestCases@4b6690c0]" started-at="2025-01-09T14:48:17 EST" name="beforeMethod" finished-at="2025-01-09T14:48:23 EST" duration-ms="6134" status="PASS">
          <reporter-output>
          </reporter-output>
        </test-method> <!-- beforeMethod -->
        <test-method signature="TC3()[pri:0, instance:BusyQA.Tests.LoginTestCases@4b6690c0]" started-at="2025-01-09T14:48:23 EST" name="TC3" finished-at="2025-01-09T14:48:27 EST" duration-ms="4120" status="PASS">
          <reporter-output>
          </reporter-output>
        </test-method> <!-- TC3 -->
        <test-method is-config="true" signature="afterMethod()[pri:0, instance:BusyQA.Tests.LoginTestCases@4b6690c0]" started-at="2025-01-09T14:48:27 EST" name="afterMethod" finished-at="2025-01-09T14:48:28 EST" duration-ms="441" status="PASS">
          <reporter-output>
          </reporter-output>
        </test-method> <!-- afterMethod -->
        <test-method is-config="true" signature="beforeMethod()[pri:0, instance:BusyQA.Tests.LoginTestCases@4b6690c0]" started-at="2025-01-09T14:48:28 EST" name="beforeMethod" finished-at="2025-01-09T14:48:34 EST" duration-ms="6325" status="PASS">
          <reporter-output>
          </reporter-output>
        </test-method> <!-- beforeMethod -->
        <test-method signature="TC4()[pri:0, instance:BusyQA.Tests.LoginTestCases@4b6690c0]" started-at="2025-01-09T14:48:34 EST" name="TC4" finished-at="2025-01-09T14:48:41 EST" duration-ms="6794" status="PASS">
          <reporter-output>
          </reporter-output>
        </test-method> <!-- TC4 -->
        <test-method is-config="true" signature="afterMethod()[pri:0, instance:BusyQA.Tests.LoginTestCases@4b6690c0]" started-at="2025-01-09T14:48:41 EST" name="afterMethod" finished-at="2025-01-09T14:48:43 EST" duration-ms="2126" status="PASS">
          <reporter-output>
          </reporter-output>
        </test-method> <!-- afterMethod -->
        <test-method is-config="true" signature="afterClass()[pri:0, instance:BusyQA.Tests.LoginTestCases@4b6690c0]" started-at="2025-01-09T14:48:43 EST" name="afterClass" finished-at="2025-01-09T14:48:43 EST" duration-ms="1" status="PASS">
          <reporter-output>
          </reporter-output>
        </test-method> <!-- afterClass -->
        <test-method is-config="true" signature="afterTest()[pri:0, instance:BusyQA.Tests.LoginTestCases@4b6690c0]" started-at="2025-01-09T14:48:43 EST" name="afterTest" finished-at="2025-01-09T14:48:43 EST" duration-ms="1" status="PASS">
          <reporter-output>
          </reporter-output>
        </test-method> <!-- afterTest -->
        <test-method is-config="true" signature="afterSuite()[pri:0, instance:BusyQA.Tests.LoginTestCases@4b6690c0]" started-at="2025-01-09T14:48:43 EST" name="afterSuite" finished-at="2025-01-09T14:48:43 EST" duration-ms="1" status="PASS">
          <reporter-output>
          </reporter-output>
        </test-method> <!-- afterSuite -->
      </class> <!-- BusyQA.Tests.LoginTestCases -->
    </test> <!-- Default test -->
  </suite> <!-- Default suite -->
</testng-results>
