<?xml version="1.0" encoding="UTF-8"?>
<testng-results ignored="0" total="4" passed="4" failed="0" skipped="0">
  <reporter-output>
  </reporter-output>
  <suite started-at="2025-01-07T21:50:02 EST" name="Default suite" finished-at="2025-01-07T21:50:46 EST" duration-ms="44440">
    <groups>
    </groups>
    <test started-at="2025-01-07T21:50:02 EST" name="Default test" finished-at="2025-01-07T21:50:46 EST" duration-ms="44440">
      <class name="BusyQA.Tests.LoginTestCases">
        <test-method is-config="true" signature="beforeSuite()[pri:0, instance:BusyQA.Tests.LoginTestCases@4b6690c0]" started-at="2025-01-07T21:50:02 EST" name="beforeSuite" finished-at="2025-01-07T21:50:02 EST" duration-ms="12" status="PASS">
          <reporter-output>
          </reporter-output>
        </test-method> <!-- beforeSuite -->
        <test-method is-config="true" signature="beforeTest()[pri:0, instance:BusyQA.Tests.LoginTestCases@4b6690c0]" started-at="2025-01-07T21:50:02 EST" name="beforeTest" finished-at="2025-01-07T21:50:02 EST" duration-ms="2" status="PASS">
          <reporter-output>
          </reporter-output>
        </test-method> <!-- beforeTest -->
        <test-method is-config="true" signature="beforeClass()[pri:0, instance:BusyQA.Tests.LoginTestCases@4b6690c0]" started-at="2025-01-07T21:50:02 EST" name="beforeClass" finished-at="2025-01-07T21:50:02 EST" duration-ms="1" status="PASS">
          <reporter-output>
          </reporter-output>
        </test-method> <!-- beforeClass -->
        <test-method is-config="true" signature="beforeMethod()[pri:0, instance:BusyQA.Tests.LoginTestCases@4b6690c0]" started-at="2025-01-07T21:50:02 EST" name="beforeMethod" finished-at="2025-01-07T21:50:08 EST" duration-ms="6836" status="PASS">
          <reporter-output>
          </reporter-output>
        </test-method> <!-- beforeMethod -->
        <test-method signature="TC1()[pri:0, instance:BusyQA.Tests.LoginTestCases@4b6690c0]" started-at="2025-01-07T21:50:08 EST" name="TC1" finished-at="2025-01-07T21:50:12 EST" duration-ms="3611" status="PASS">
          <reporter-output>
          </reporter-output>
        </test-method> <!-- TC1 -->
        <test-method is-config="true" signature="afterMethod()[pri:0, instance:BusyQA.Tests.LoginTestCases@4b6690c0]" started-at="2025-01-07T21:50:12 EST" name="afterMethod" finished-at="2025-01-07T21:50:12 EST" duration-ms="368" status="PASS">
          <reporter-output>
          </reporter-output>
        </test-method> <!-- afterMethod -->
        <test-method is-config="true" signature="beforeMethod()[pri:0, instance:BusyQA.Tests.LoginTestCases@4b6690c0]" started-at="2025-01-07T21:50:12 EST" name="beforeMethod" finished-at="2025-01-07T21:50:18 EST" duration-ms="5853" status="PASS">
          <reporter-output>
          </reporter-output>
        </test-method> <!-- beforeMethod -->
        <test-method signature="TC2()[pri:0, instance:BusyQA.Tests.LoginTestCases@4b6690c0]" started-at="2025-01-07T21:50:18 EST" name="TC2" finished-at="2025-01-07T21:50:22 EST" duration-ms="4028" status="PASS">
          <reporter-output>
          </reporter-output>
        </test-method> <!-- TC2 -->
        <test-method is-config="true" signature="afterMethod()[pri:0, instance:BusyQA.Tests.LoginTestCases@4b6690c0]" started-at="2025-01-07T21:50:22 EST" name="afterMethod" finished-at="2025-01-07T21:50:23 EST" duration-ms="351" status="PASS">
          <reporter-output>
          </reporter-output>
        </test-method> <!-- afterMethod -->
        <test-method is-config="true" signature="beforeMethod()[pri:0, instance:BusyQA.Tests.LoginTestCases@4b6690c0]" started-at="2025-01-07T21:50:23 EST" name="beforeMethod" finished-at="2025-01-07T21:50:28 EST" duration-ms="5742" status="PASS">
          <reporter-output>
          </reporter-output>
        </test-method> <!-- beforeMethod -->
        <test-method signature="TC3()[pri:0, instance:BusyQA.Tests.LoginTestCases@4b6690c0]" started-at="2025-01-07T21:50:28 EST" name="TC3" finished-at="2025-01-07T21:50:32 EST" duration-ms="3660" status="PASS">
          <reporter-output>
          </reporter-output>
        </test-method> <!-- TC3 -->
        <test-method is-config="true" signature="afterMethod()[pri:0, instance:BusyQA.Tests.LoginTestCases@4b6690c0]" started-at="2025-01-07T21:50:32 EST" name="afterMethod" finished-at="2025-01-07T21:50:32 EST" duration-ms="371" status="PASS">
          <reporter-output>
          </reporter-output>
        </test-method> <!-- afterMethod -->
        <test-method is-config="true" signature="beforeMethod()[pri:0, instance:BusyQA.Tests.LoginTestCases@4b6690c0]" started-at="2025-01-07T21:50:32 EST" name="beforeMethod" finished-at="2025-01-07T21:50:38 EST" duration-ms="5755" status="PASS">
          <reporter-output>
          </reporter-output>
        </test-method> <!-- beforeMethod -->
        <test-method signature="TC4()[pri:0, instance:BusyQA.Tests.LoginTestCases@4b6690c0]" started-at="2025-01-07T21:50:38 EST" name="TC4" finished-at="2025-01-07T21:50:44 EST" duration-ms="5884" status="PASS">
          <reporter-output>
          </reporter-output>
        </test-method> <!-- TC4 -->
        <test-method is-config="true" signature="afterMethod()[pri:0, instance:BusyQA.Tests.LoginTestCases@4b6690c0]" started-at="2025-01-07T21:50:44 EST" name="afterMethod" finished-at="2025-01-07T21:50:46 EST" duration-ms="1912" status="PASS">
          <reporter-output>
          </reporter-output>
        </test-method> <!-- afterMethod -->
        <test-method is-config="true" signature="afterClass()[pri:0, instance:BusyQA.Tests.LoginTestCases@4b6690c0]" started-at="2025-01-07T21:50:46 EST" name="afterClass" finished-at="2025-01-07T21:50:46 EST" duration-ms="0" status="PASS">
          <reporter-output>
          </reporter-output>
        </test-method> <!-- afterClass -->
        <test-method is-config="true" signature="afterTest()[pri:0, instance:BusyQA.Tests.LoginTestCases@4b6690c0]" started-at="2025-01-07T21:50:46 EST" name="afterTest" finished-at="2025-01-07T21:50:46 EST" duration-ms="1" status="PASS">
          <reporter-output>
          </reporter-output>
        </test-method> <!-- afterTest -->
        <test-method is-config="true" signature="afterSuite()[pri:0, instance:BusyQA.Tests.LoginTestCases@4b6690c0]" started-at="2025-01-07T21:50:46 EST" name="afterSuite" finished-at="2025-01-07T21:50:46 EST" duration-ms="0" status="PASS">
          <reporter-output>
          </reporter-output>
        </test-method> <!-- afterSuite -->
      </class> <!-- BusyQA.Tests.LoginTestCases -->
    </test> <!-- Default test -->
  </suite> <!-- Default suite -->
</testng-results>
